<?xml version="1.0" encoding="UTF-8"?>
<!-- Generated by org.testng.reporters.JUnitXMLReporter -->
<testsuite ignored="30" hostname="DESKTOP-DOIAM5Q" failures="0" tests="0" time="0.03" errors="0" timestamp="2023-07-22T15:43:36 IST">
  <testcase classname="annonationsandflags.dependsOnGroup_Flag7" name="it9" time="0.0">
    <ignored/>
  </testcase> <!-- it9 -->
  <testcase classname="annonationsandflags.dependsOnGroup_Flag7" name="ft6" time="0.0">
    <ignored/>
  </testcase> <!-- ft6 -->
  <testcase classname="annonationsandflags.dependsOnGroup_Flag7" name="it3" time="0.0">
    <ignored/>
  </testcase> <!-- it3 -->
  <testcase classname="annonationsandflags.dependsOnGroup_Flag7" name="it7" time="0.0">
    <ignored/>
  </testcase> <!-- it7 -->
  <testcase classname="annonationsandflags.dependsOnGroup_Flag7" name="it1" time="0.0">
    <ignored/>
  </testcase> <!-- it1 -->
  <testcase classname="annonationsandflags.dependsOnGroup_Flag7" name="ft2" time="0.0">
    <ignored/>
  </testcase> <!-- ft2 -->
  <testcase classname="annonationsandflags.dependsOnGroup_Flag7" name="st1" time="0.0">
    <ignored/>
  </testcase> <!-- st1 -->
  <testcase classname="annonationsandflags.dependsOnGroup_Flag7" name="st7" time="0.0">
    <ignored/>
  </testcase> <!-- st7 -->
  <testcase classname="annonationsandflags.dependsOnGroup_Flag7" name="st5" time="0.0">
    <ignored/>
  </testcase> <!-- st5 -->
  <testcase classname="annonationsandflags.dependsOnGroup_Flag7" name="st9" time="0.0">
    <ignored/>
  </testcase> <!-- st9 -->
  <testcase classname="annonationsandflags.dependsOnGroup_Flag7" name="ft8" time="0.0">
    <ignored/>
  </testcase> <!-- ft8 -->
  <testcase classname="annonationsandflags.dependsOnGroup_Flag7" name="it5" time="0.0">
    <ignored/>
  </testcase> <!-- it5 -->
  <testcase classname="annonationsandflags.dependsOnGroup_Flag7" name="st3" time="0.0">
    <ignored/>
  </testcase> <!-- st3 -->
  <testcase classname="annonationsandflags.dependsOnGroup_Flag7" name="it4" time="0.0">
    <ignored/>
  </testcase> <!-- it4 -->
  <testcase classname="annonationsandflags.dependsOnGroup_Flag7" name="ft10" time="0.0">
    <ignored/>
  </testcase> <!-- ft10 -->
  <testcase classname="annonationsandflags.dependsOnGroup_Flag7" name="ft7" time="0.0">
    <ignored/>
  </testcase> <!-- ft7 -->
  <testcase classname="annonationsandflags.dependsOnGroup_Flag7" name="ft1" time="0.0">
    <ignored/>
  </testcase> <!-- ft1 -->
  <testcase classname="annonationsandflags.dependsOnGroup_Flag7" name="it8" time="0.0">
    <ignored/>
  </testcase> <!-- it8 -->
  <testcase classname="annonationsandflags.dependsOnGroup_Flag7" name="it2" time="0.0">
    <ignored/>
  </testcase> <!-- it2 -->
  <testcase classname="annonationsandflags.dependsOnGroup_Flag7" name="ft5" time="0.0">
    <ignored/>
  </testcase> <!-- ft5 -->
  <testcase classname="annonationsandflags.dependsOnGroup_Flag7" name="st10" time="0.0">
    <ignored/>
  </testcase> <!-- st10 -->
  <testcase classname="annonationsandflags.dependsOnGroup_Flag7" name="ft3" time="0.0">
    <ignored/>
  </testcase> <!-- ft3 -->
  <testcase classname="annonationsandflags.dependsOnGroup_Flag7" name="it10" time="0.0">
    <ignored/>
  </testcase> <!-- it10 -->
  <testcase classname="annonationsandflags.dependsOnGroup_Flag7" name="st2" time="0.0">
    <ignored/>
  </testcase> <!-- st2 -->
  <testcase classname="annonationsandflags.dependsOnGroup_Flag7" name="st8" time="0.0">
    <ignored/>
  </testcase> <!-- st8 -->
  <testcase classname="annonationsandflags.dependsOnGroup_Flag7" name="st6" time="0.0">
    <ignored/>
  </testcase> <!-- st6 -->
  <testcase classname="annonationsandflags.dependsOnGroup_Flag7" name="it6" time="0.0">
    <ignored/>
  </testcase> <!-- it6 -->
  <testcase classname="annonationsandflags.dependsOnGroup_Flag7" name="ft9" time="0.0">
    <ignored/>
  </testcase> <!-- ft9 -->
  <testcase classname="annonationsandflags.dependsOnGroup_Flag7" name="ft24" time="0.0">
    <ignored/>
  </testcase> <!-- ft24 -->
  <testcase classname="annonationsandflags.dependsOnGroup_Flag7" name="st4" time="0.0">
    <ignored/>
  </testcase> <!-- st4 -->
</testsuite>
